2008.09.18 14:53 B U:\Faculty\MusicTheory\messiaen\the_web_site\mq\images\analysis\messiaen-qrt_i-formsketch-l.gif --> www.lawrence.edu /dept/it/musicguides/mq/images/analysis messiaen-qrt_i-formsketch-l.gif
2008.09.18 14:53 B U:\Faculty\MusicTheory\messiaen\the_web_site\mq\images\analysis\messiaen-qrt_i-formsketch.gif --> www.lawrence.edu /dept/it/musicguides/mq/images/analysis messiaen-qrt_i-formsketch.gif
2008.09.18 14:53 B U:\Faculty\MusicTheory\messiaen\the_web_site\mq\images\analysis\messiaen-qrt_ii-formsketch-.gif --> www.lawrence.edu /dept/it/musicguides/mq/images/analysis messiaen-qrt_ii-formsketch-.gif
2008.09.18 14:53 B U:\Faculty\MusicTheory\messiaen\the_web_site\mq\images\analysis\messiaen-qrt_ii-formsketch.gif --> www.lawrence.edu /dept/it/musicguides/mq/images/analysis messiaen-qrt_ii-formsketch.gif
2008.09.18 14:53 B U:\Faculty\MusicTheory\messiaen\the_web_site\mq\images\analysis\messiaen-qrt_iii-form-large.gif --> www.lawrence.edu /dept/it/musicguides/mq/images/analysis messiaen-qrt_iii-form-large.gif
2008.09.18 14:53 B U:\Faculty\MusicTheory\messiaen\the_web_site\mq\images\analysis\messiaen-qrt_iii-formsketch.gif --> www.lawrence.edu /dept/it/musicguides/mq/images/analysis messiaen-qrt_iii-formsketch.gif
2008.09.18 14:53 B U:\Faculty\MusicTheory\messiaen\the_web_site\mq\images\analysis\messiaen-qrt_iv-form-large.gif --> www.lawrence.edu /dept/it/musicguides/mq/images/analysis messiaen-qrt_iv-form-large.gif
2008.09.18 14:53 B U:\Faculty\MusicTheory\messiaen\the_web_site\mq\images\analysis\messiaen-qrt_iv-form.gif --> www.lawrence.edu /dept/it/musicguides/mq/images/analysis messiaen-qrt_iv-form.gif
2008.09.18 14:53 B U:\Faculty\MusicTheory\messiaen\the_web_site\mq\images\analysis\messiaen-qrt_v-form-large.gif --> www.lawrence.edu /dept/it/musicguides/mq/images/analysis messiaen-qrt_v-form-large.gif
2008.09.18 14:53 B U:\Faculty\MusicTheory\messiaen\the_web_site\mq\images\analysis\messiaen-qrt_v-form.gif --> www.lawrence.edu /dept/it/musicguides/mq/images/analysis messiaen-qrt_v-form.gif
2008.09.18 14:53 B U:\Faculty\MusicTheory\messiaen\the_web_site\mq\images\analysis\messiaen-qrt_vi-form-large.gif --> www.lawrence.edu /dept/it/musicguides/mq/images/analysis messiaen-qrt_vi-form-large.gif
2008.09.18 14:53 B U:\Faculty\MusicTheory\messiaen\the_web_site\mq\images\analysis\messiaen-qrt_vi-form.gif --> www.lawrence.edu /dept/it/musicguides/mq/images/analysis messiaen-qrt_vi-form.gif
2008.09.18 14:53 B U:\Faculty\MusicTheory\messiaen\the_web_site\mq\images\analysis\messiaen-qrt_vii-form-large.gif --> www.lawrence.edu /dept/it/musicguides/mq/images/analysis messiaen-qrt_vii-form-large.gif
2008.09.18 14:53 B U:\Faculty\MusicTheory\messiaen\the_web_site\mq\images\analysis\messiaen-qrt_vii-form.gif --> www.lawrence.edu /dept/it/musicguides/mq/images/analysis messiaen-qrt_vii-form.gif
2008.09.18 14:53 B U:\Faculty\MusicTheory\messiaen\the_web_site\mq\images\analysis\messiaen-qrt_viii-form-larg.gif --> www.lawrence.edu /dept/it/musicguides/mq/images/analysis messiaen-qrt_viii-form-larg.gif
2008.09.18 14:53 B U:\Faculty\MusicTheory\messiaen\the_web_site\mq\images\analysis\messiaen-qrt_viii-form.gif --> www.lawrence.edu /dept/it/musicguides/mq/images/analysis messiaen-qrt_viii-form.gif
2008.09.18 14:56 B U:\Faculty\MusicTheory\messiaen\the_web_site\mq\images\analysis\messiaen-qrt_i-form-large.gif --> www.lawrence.edu /dept/it/musicguides/mq/images/analysis messiaen-qrt_i-form-large.gif
2008.09.18 14:56 B U:\Faculty\MusicTheory\messiaen\the_web_site\mq\images\analysis\messiaen-qrt_i-form.gif --> www.lawrence.edu /dept/it/musicguides/mq/images/analysis messiaen-qrt_i-form.gif
2008.09.18 14:56 B U:\Faculty\MusicTheory\messiaen\the_web_site\mq\images\analysis\messiaen-qrt_ii-form-large.gif --> www.lawrence.edu /dept/it/musicguides/mq/images/analysis messiaen-qrt_ii-form-large.gif
2008.09.18 14:56 B U:\Faculty\MusicTheory\messiaen\the_web_site\mq\images\analysis\messiaen-qrt_ii-form.gif --> www.lawrence.edu /dept/it/musicguides/mq/images/analysis messiaen-qrt_ii-form.gif
2008.09.18 14:56 B U:\Faculty\MusicTheory\messiaen\the_web_site\mq\images\analysis\messiaen-qrt_iii-form.gif --> www.lawrence.edu /dept/it/musicguides/mq/images/analysis messiaen-qrt_iii-form.gif
